#-----------------------------------------------------------
# Vivado v2020.1 (64-bit)
# SW Build 2902540 on Wed May 27 19:54:49 MDT 2020
# IP Build 2902112 on Wed May 27 22:43:36 MDT 2020
# Start of session at: Tue May 30 15:46:59 2023
# Process ID: 7296
# Current directory: D:/Projelerim/VivadoHapra/asha
# Command line: vivado.exe -gui_launcher_event rodinguilauncherevent3044 D:\Projelerim\VivadoHapra\asha\asha.xpr
# Log file: D:/Projelerim/VivadoHapra/asha/vivado.log
# Journal file: D:/Projelerim/VivadoHapra/asha\vivado.jou
#-----------------------------------------------------------
start_gui
open_project D:/Projelerim/VivadoHapra/asha/asha.xpr
INFO: [Project 1-313] Project file moved from 'D:/HapraVersuche/v6/asha' since last save.
Scanning sources...
Finished scanning sources
WARNING: [Project 1-509] GeneratedRun file for 'synth_1' not found
WARNING: [Project 1-509] GeneratedRun file for 'devicename_synth_1' not found
WARNING: [Project 1-509] GeneratedRun file for 'clk_wiz_synth_1' not found
WARNING: [Project 1-509] GeneratedRun file for 'adc_translation_synth_1' not found
WARNING: [Project 1-509] GeneratedRun file for 'deviceinfo_synth_1' not found
WARNING: [Project 1-509] GeneratedRun file for 'impl_1' not found
INFO: [IP_Flow 19-234] Refreshing IP repositories
INFO: [IP_Flow 19-1704] No user IP repositories specified
INFO: [IP_Flow 19-2313] Loaded Vivado IP repository 'C:/Xilinx/Vivado/2020.1/data/ip'.
open_project: Time (s): cpu = 00:00:14 ; elapsed = 00:00:07 . Memory (MB): peak = 1035.926 ; gain = 0.000
update_compile_order -fileset sources_1
exit
INFO: [Common 17-206] Exiting Vivado at Tue May 30 15:52:43 2023...
